\BOOKMARK [0][-]{section*.1}{\376\377\000P\000r\000e\000d\000i\000c\000t\000i\000n\000g\000\040\000N\000F\000L\000\040\000H\000e\000a\000d\000\040\000C\000o\000a\000c\000h\000\040\000T\000e\000n\000u\000r\000e\000\040\000U\000s\000i\000n\000g\000\040\000O\000r\000d\000i\000n\000a\000l\000\040\000C\000l\000a\000s\000s\000i\000f\000i\000c\000a\000t\000i\000o\000n}{}% 1
\BOOKMARK [1][-]{section.1}{\376\377\0001\000\040\000I\000n\000t\000r\000o\000d\000u\000c\000t\000i\000o\000n}{section*.1}% 2
\BOOKMARK [1][-]{section.2}{\376\377\0002\000\040\000L\000i\000t\000e\000r\000a\000t\000u\000r\000e\000\040\000R\000e\000v\000i\000e\000w}{section*.1}% 3
\BOOKMARK [1][-]{section.3}{\376\377\0003\000\040\000M\000e\000t\000h\000o\000d\000s}{section*.1}% 4
\BOOKMARK [2][-]{subsection.3.1}{\376\377\0003\000.\0001\000\040\000P\000r\000e\000d\000i\000c\000t\000i\000n\000g\000\040\000C\000o\000a\000c\000h\000\040\000T\000e\000n\000u\000r\000e\000\040\000C\000l\000a\000s\000s\000i\000f\000i\000c\000a\000t\000i\000o\000n}{section.3}% 5
\BOOKMARK [3][-]{subsubsection.3.1.1}{\376\377\0003\000.\0001\000.\0001\000\040\000F\000r\000a\000n\000k\000-\000H\000a\000l\000l\000\040\000O\000r\000d\000i\000n\000a\000l\000\040\000C\000l\000a\000s\000s\000i\000f\000i\000c\000a\000t\000i\000o\000n}{subsection.3.1}% 6
\BOOKMARK [3][-]{subsubsection.3.1.2}{\376\377\0003\000.\0001\000.\0002\000\040\000E\000v\000a\000l\000u\000a\000t\000i\000o\000n\000\040\000M\000e\000t\000r\000i\000c\000s}{subsection.3.1}% 7
\BOOKMARK [3][-]{subsubsection.3.1.3}{\376\377\0003\000.\0001\000.\0003\000\040\000C\000r\000o\000s\000s\000-\000V\000a\000l\000i\000d\000a\000t\000i\000o\000n\000\040\000S\000t\000r\000a\000t\000e\000g\000y}{subsection.3.1}% 8
\BOOKMARK [2][-]{subsection.3.2}{\376\377\0003\000.\0002\000\040\000D\000a\000t\000a\000\040\000D\000e\000s\000c\000r\000i\000p\000t\000i\000o\000n}{section.3}% 9
\BOOKMARK [1][-]{section.4}{\376\377\0004\000\040\000R\000e\000s\000u\000l\000t\000s}{section*.1}% 10
\BOOKMARK [2][-]{subsection.4.1}{\376\377\0004\000.\0001\000\040\000P\000r\000e\000d\000i\000c\000t\000i\000n\000g\000\040\000C\000o\000a\000c\000h\000\040\000T\000e\000n\000u\000r\000e\000\040\000C\000l\000a\000s\000s\000i\000f\000i\000c\000a\000t\000i\000o\000n}{section.4}% 11
\BOOKMARK [3][-]{subsubsection.4.1.1}{\376\377\0004\000.\0001\000.\0001\000\040\000O\000r\000d\000i\000n\000a\000l\000\040\000C\000l\000a\000s\000s\000i\000f\000i\000c\000a\000t\000i\000o\000n\000\040\000M\000o\000d\000e\000l\000\040\000P\000e\000r\000f\000o\000r\000m\000a\000n\000c\000e}{subsection.4.1}% 12
\BOOKMARK [3][-]{subsubsection.4.1.2}{\376\377\0004\000.\0001\000.\0002\000\040\000C\000o\000m\000p\000a\000r\000i\000s\000o\000n\000\040\000w\000i\000t\000h\000\040\000S\000t\000a\000n\000d\000a\000r\000d\000\040\000M\000u\000l\000t\000i\000c\000l\000a\000s\000s\000\040\000C\000l\000a\000s\000s\000i\000f\000i\000c\000a\000t\000i\000o\000n}{subsection.4.1}% 13
\BOOKMARK [3][-]{subsubsection.4.1.3}{\376\377\0004\000.\0001\000.\0003\000\040\000P\000r\000e\000d\000i\000c\000t\000i\000n\000g\000\040\000t\000h\000e\000\040\000T\000e\000n\000u\000r\000e\000\040\000o\000f\000\040\000R\000e\000c\000e\000n\000t\000\040\000H\000e\000a\000d\000\040\000C\000o\000a\000c\000h\000\040\000H\000i\000r\000e\000s}{subsection.4.1}% 14
\BOOKMARK [1][-]{section.5}{\376\377\0005\000\040\000F\000e\000a\000t\000u\000r\000e\000\040\000I\000m\000p\000o\000r\000t\000a\000n\000c\000e\000\040\000A\000n\000a\000l\000y\000s\000i\000s}{section*.1}% 15
\BOOKMARK [2][-]{subsection.5.1}{\376\377\0005\000.\0001\000\040\000O\000f\000f\000e\000n\000s\000i\000v\000e\000\040\000v\000s\000.\000\040\000D\000e\000f\000e\000n\000s\000i\000v\000e\000\040\000M\000e\000t\000r\000i\000c\000s}{section.5}% 16
\BOOKMARK [2][-]{subsection.5.2}{\376\377\0005\000.\0002\000\040\000C\000o\000n\000s\000i\000s\000t\000e\000n\000c\000y\000\040\000A\000c\000r\000o\000s\000s\000\040\000E\000r\000a\000s}{section.5}% 17
\BOOKMARK [2][-]{subsection.5.3}{\376\377\0005\000.\0003\000\040\000C\000o\000a\000c\000h\000\040\000B\000a\000c\000k\000g\000r\000o\000u\000n\000d\000\040\000A\000n\000a\000l\000y\000s\000i\000s}{section.5}% 18
\BOOKMARK [2][-]{subsection.5.4}{\376\377\0005\000.\0004\000\040\000T\000o\000p\000\040\000P\000r\000e\000d\000i\000c\000t\000i\000v\000e\000\040\000F\000e\000a\000t\000u\000r\000e\000s}{section.5}% 19
\BOOKMARK [2][-]{subsection.5.5}{\376\377\0005\000.\0005\000\040\000D\000i\000s\000c\000u\000s\000s\000i\000o\000n}{section.5}% 20
\BOOKMARK [1][-]{section.6}{\376\377\0006\000\040\000C\000o\000n\000c\000l\000u\000s\000i\000o\000n}{section*.1}% 21
\BOOKMARK [1][-]{appendix.A}{\376\377\000A\000\040\000F\000e\000a\000t\000u\000r\000e\000\040\000D\000e\000s\000c\000r\000i\000p\000t\000i\000o\000n\000s}{section*.1}% 22
\BOOKMARK [1][-]{appendix.B}{\376\377\000B\000\040\000D\000a\000t\000a\000\040\000D\000i\000s\000t\000r\000i\000b\000u\000t\000i\000o\000n\000s}{section*.1}% 23
\BOOKMARK [1][-]{appendix.C}{\376\377\000C\000\040\000M\000o\000d\000e\000l\000\040\000H\000y\000p\000e\000r\000p\000a\000r\000a\000m\000e\000t\000e\000r\000s}{section*.1}% 24
