Starting Coaching Data Processing...
Processing 536 coaches...
Parsing coach 1: Aaron Glenn
	Excluded tenure classification: Aaron Glenn
Parsing coach 2: Aaron Kromer
Parsing coach 3: Abe Gibron
Parsing coach 4: Adam Gase
Parsing coach 5: Adam Walsh
Parsing coach 6: Al Cornsweet
Parsing coach 7: Al Davis
Parsing coach 8: Al Groh
Parsing coach 9: Al Jolley
Parsing coach 10: Al Nesser
Parsing coach 11: Al Pierotti
Parsing coach 12: Al Saunders
Parsing coach 13: Aldo Donelli
Parsing coach 14: Alex Webster
Parsing coach 15: Alfred McGall
Parsing coach 16: Algy Clark
Parsing coach 17: Allie Sherman
Parsing coach 18: Andy Reid
Parsing coach 19: Andy Salata
Parsing coach 20: Anthony Lynn
Parsing coach 21: Antonio Pierce
	Calculated tenure for fired coach: Antonio Pierce, tenure: 1 years
Parsing coach 22: Archie Golembeski
Parsing coach 23: Arnie Horween
Parsing coach 24: Art Lewis
Parsing coach 25: Art Shell
Parsing coach 26: Arthur Smith
Parsing coach 27: Austin Higgins
Parsing coach 28: Babe Ruetz
Parsing coach 29: Barry Switzer
Parsing coach 30: Bart Starr
Parsing coach 31: Ben Johnson
	Excluded tenure classification: Ben Johnson
Parsing coach 32: Ben McAdoo
Parsing coach 33: Benny Friedman
Parsing coach 34: Bert Bell
Parsing coach 35: Bill Arnsparger
Parsing coach 36: Bill Austin
Parsing coach 37: Bill Belichick
Parsing coach 38: Bill Callahan
Parsing coach 39: Bill Conkright
Parsing coach 40: Bill Cowher
Parsing coach 41: Bill Edwards
Parsing coach 42: Bill Johnson
Parsing coach 43: Bill McPeak
Parsing coach 44: Bill O'Brien
Parsing coach 45: Bill Parcells
Parsing coach 46: Bill Peterson
Parsing coach 47: Bill Walsh
Parsing coach 48: Billy Marshall
Parsing coach 49: Blanton Collier
Parsing coach 50: Bo Hanley
Parsing coach 51: Bo McMillin
Parsing coach 52: Bob Dove
Parsing coach 53: Bob Folwell
Parsing coach 54: Bob Hollway
Parsing coach 55: Bob Snyder
Parsing coach 56: Bob Waterfield
Parsing coach 57: Bobby Petrino
Parsing coach 58: Bobby Ross
Parsing coach 59: Brad Childress
Parsing coach 60: Brandon Staley
Parsing coach 61: Brian Billick
Parsing coach 62: Brian Callahan
	Excluded tenure classification: Brian Callahan
Parsing coach 63: Brian Daboll
	Excluded tenure classification: Brian Daboll
Parsing coach 64: Brian Flores
Parsing coach 65: Brian Schottenheimer
	Excluded tenure classification: Brian Schottenheimer
Parsing coach 66: Brick Muller
Parsing coach 67: Bruce Arians
Parsing coach 68: Bruce Coslet
Parsing coach 69: Buck Shaw
Parsing coach 70: Bud Carson
Parsing coach 71: Bud Grant
Parsing coach 72: Bud Wilkinson
Parsing coach 73: Buddy Parker
Parsing coach 74: Buddy Ryan
Parsing coach 75: Budge Garrett
Parsing coach 76: Bull Behman
Parsing coach 77: Bull Karcis
Parsing coach 78: Bulldog Turner
Parsing coach 79: Bum Phillips
Parsing coach 80: Buster Ramsey
Parsing coach 81: Butch Davis
Parsing coach 82: Cam Cameron
Parsing coach 83: Cap Edwards
Parsing coach 84: Cap McEwan
Parsing coach 85: Carl Storck
Parsing coach 86: Carl Voyles
Parsing coach 87: Cecil Isbell
Parsing coach 88: Chan Gailey
Parsing coach 89: Charley Ewart
Parsing coach 90: Charley Moran
Parsing coach 91: Charley Rogers
Parsing coach 92: Charley Winner
Parsing coach 93: Charlie Brickley
Parsing coach 94: Charlie Waller
Parsing coach 95: Chile Walsh
Parsing coach 96: Chip Kelly
Parsing coach 97: Chris Palmer
Parsing coach 98: Chris Tabor
Parsing coach 99: Chuck Drulis
Parsing coach 100: Chuck Fairbanks
Parsing coach 101: Chuck Knox
Parsing coach 102: Chuck Noll
Parsing coach 103: Chuck Pagano
Parsing coach 104: Chuck Studley
Parsing coach 105: Clark Shaughnessy
Parsing coach 106: Clem Crowe
Parsing coach 107: Cliff Battles
Parsing coach 108: Clipper Smith
Parsing coach 109: Clive Rush
Parsing coach 110: Coonie Checkaye
Parsing coach 111: Curly Lambeau
Parsing coach 112: Dan Campbell
Parsing coach 113: Dan Devine
Parsing coach 114: Dan Henning
Parsing coach 115: Dan Quinn
	Excluded tenure classification: Dan Quinn
Parsing coach 116: Dan Reeves
Parsing coach 117: Darrell Bevell
Parsing coach 118: Darren Rizzi
Parsing coach 119: Darryl Rogers
Parsing coach 120: Dave Campo
Parsing coach 121: Dave Canales
	Excluded tenure classification: Dave Canales
Parsing coach 122: Dave McGinnis
Parsing coach 123: Dave Wannstedt
Parsing coach 124: David Culley
Parsing coach 125: David Shula
Parsing coach 126: DeMeco Ryans
	Excluded tenure classification: DeMeco Ryans
Parsing coach 127: Dennis Allen
Parsing coach 128: Dennis Erickson
Parsing coach 129: Dennis Green
Parsing coach 130: Dewey Scanlon
Parsing coach 131: Dick Hanley
Parsing coach 132: Dick Jauron
Parsing coach 133: Dick LeBeau
Parsing coach 134: Dick MacPherson
Parsing coach 135: Dick Modzelewski
Parsing coach 136: Dick Nolan
Parsing coach 137: Dick Rauch
Parsing coach 138: Dick Stanfel
Parsing coach 139: Dick Todd
Parsing coach 140: Dick Vermeil
Parsing coach 141: Dim Batterson
Parsing coach 142: Dirk Koetter
Parsing coach 143: Doc Alexander
Parsing coach 144: Doc Young
Parsing coach 145: Dom Capers
Parsing coach 146: Don Coryell
Parsing coach 147: Don McCafferty
Parsing coach 148: Don Shula
Parsing coach 149: Doug Marrone
Parsing coach 150: Doug Pederson
	Calculated tenure for fired coach: Doug Pederson, tenure: 3 years
Parsing coach 151: Doug Wycoff
Parsing coach 152: Dudley DeGroot
Parsing coach 153: Dutch Bergman
Parsing coach 154: Dutch Clark
Parsing coach 155: Dutch Hendrian
Parsing coach 156: Earl Potteiger
Parsing coach 157: Ed Biles
Parsing coach 158: Ed Hughes
Parsing coach 159: Ed Khayat
Parsing coach 160: Ed Kubale
Parsing coach 161: Ed McKeever
Parsing coach 162: Ed Robinson
Parsing coach 163: Ed Weir
Parsing coach 164: Eddie Casey
Parsing coach 165: Eddie Erdelatz
Parsing coach 166: Elgie Tobin
Parsing coach 167: Emmitt Thomas
Parsing coach 168: Eric Mangini
Parsing coach 169: Eric Studesville
Parsing coach 170: Ernie Hefferle
Parsing coach 171: Ernie Nevers
Parsing coach 172: Fay Abbott
Parsing coach 173: Forrest Douds
Parsing coach 174: Forrest Gregg
Parsing coach 175: Frank Bridges
Parsing coach 176: Frank Coughlin
Parsing coach 177: Frank Fausch
Parsing coach 178: Frank Filchock
Parsing coach 179: Frank Gansz
Parsing coach 180: Frank Kush
Parsing coach 181: Frank Nied
Parsing coach 182: Frank Reich
	Calculated tenure for fired coach: Frank Reich, tenure: 1 years
Parsing coach 183: Frankie Albert
Parsing coach 184: Fred Bruney
Parsing coach 185: Fred Gillies
Parsing coach 186: Fred O'Connor
Parsing coach 187: Freddie Kitchens
Parsing coach 188: Fritz Pollard
Parsing coach 189: Gary Kubiak
Parsing coach 190: Gary Moeller
Parsing coach 191: Gene Ronzani
Parsing coach 192: Gene Stallings
Parsing coach 193: George Allen
Parsing coach 194: George Gibson
Parsing coach 195: George Halas
Parsing coach 196: George Seifert
Parsing coach 197: George Wilson
Parsing coach 198: Giff Smith
Parsing coach 199: Greasy Neale
Parsing coach 200: Greg Schiano
Parsing coach 201: Gregg Williams
Parsing coach 202: Guil Falcon
Parsing coach 203: Gunther Cunningham
Parsing coach 204: Gus Bradley
Parsing coach 205: Gus Dorais
Parsing coach 206: Gus Henderson
Parsing coach 207: Gus Tebell
Parsing coach 208: Guy Chamberlin
Parsing coach 209: Hal Erickson
Parsing coach 210: Hal Griffen
Parsing coach 211: Hal Hanson
Parsing coach 212: Hal Hunter
Parsing coach 213: Hampton Pool
Parsing coach 214: Hank Bullough
Parsing coach 215: Hank Gillo
Parsing coach 216: Hank Kuhlmann
Parsing coach 217: Hank Stram
Parsing coach 218: Harland Svare
Parsing coach 219: Harry Gilmer
Parsing coach 220: Harry Mehre
Parsing coach 221: Harry Robb
Parsing coach 222: Harvey Johnson
Parsing coach 223: Herb Dell
Parsing coach 224: Herb Joesting
Parsing coach 225: Herb Kopf
Parsing coach 226: Herb Sies
Parsing coach 227: Herm Edwards
Parsing coach 228: Herman Ball
Parsing coach 229: Hinkey Haines
Parsing coach 230: Hoge Workman
Parsing coach 231: Homer Rice
Parsing coach 232: Howard Schnellenberger
Parsing coach 233: Hubert Wiggs
Parsing coach 234: Hue Jackson
Parsing coach 235: Hugh Campbell
Parsing coach 236: Hugh Devore
Parsing coach 237: Hugh Taylor
Parsing coach 238: Hugo Bezdek
Parsing coach 239: Hunk Anderson
Parsing coach 240: J.D. Roberts
Parsing coach 241: Jack Chevigny
Parsing coach 242: Jack Christiansen
Parsing coach 243: Jack Del Rio
Parsing coach 244: Jack Depler
Parsing coach 245: Jack Faulkner
Parsing coach 246: Jack Fish
Parsing coach 247: Jack Forsyth
Parsing coach 248: Jack Hegarty
Parsing coach 249: Jack Heldt
Parsing coach 250: Jack Keogh
Parsing coach 251: Jack Meagher
Parsing coach 252: Jack Pardee
Parsing coach 253: Jack Patera
Parsing coach 254: Jap Douds
Parsing coach 255: Jason Garrett
Parsing coach 256: Jay Gruden
Parsing coach 257: Jeff Fisher
Parsing coach 258: Jeff Saturday
Parsing coach 259: Jeff Ulbrich
Parsing coach 260: Jerod Mayo
	Calculated tenure for fired coach: Jerod Mayo, tenure: 1 years
Parsing coach 261: Jerry Burns
Parsing coach 262: Jerry Glanville
Parsing coach 263: Jerry Rosburg
Parsing coach 264: Jerry Smith
Parsing coach 265: Jerry Williams
Parsing coach 266: Jim Bates
Parsing coach 267: Jim Caldwell
Parsing coach 268: Jim Crowley
Parsing coach 269: Jim Dooley
Parsing coach 270: Jim Fassel
Parsing coach 271: Jim Hanifan
Parsing coach 272: Jim Harbaugh
	Excluded tenure classification: Jim Harbaugh
Parsing coach 273: Jim Haslett
Parsing coach 274: Jim Kendrick
Parsing coach 275: Jim Laird
Parsing coach 276: Jim Lee Howell
Parsing coach 277: Jim Leonard
Parsing coach 278: Jim Mora
Parsing coach 279: Jim Ringo
Parsing coach 280: Jim Schwartz
Parsing coach 281: Jim Shofner
Parsing coach 282: Jim Thorpe
Parsing coach 283: Jim Tomsula
Parsing coach 284: Jim Trimble
Parsing coach 285: Jim Zorn
Parsing coach 286: Jimmy Conzelman
Parsing coach 287: Jimmy Johnson
Parsing coach 288: Jimmy Phelan
Parsing coach 289: Jock Sutherland
Parsing coach 290: Joe Bach
Parsing coach 291: Joe Brandy
Parsing coach 292: Joe Bugel
Parsing coach 293: Joe Collier
Parsing coach 294: Joe Gibbs
Parsing coach 295: Joe Judge
Parsing coach 296: Joe Kuharich
Parsing coach 297: Joe Philbin
Parsing coach 298: Joe Schmidt
Parsing coach 299: Joe Stydahar
Parsing coach 300: Joe Thomas
Parsing coach 301: Joe Vitt
Parsing coach 302: Joe Walton
Parsing coach 303: Joey Sternaman
Parsing coach 304: John Armstrong
Parsing coach 305: John Fassel
Parsing coach 306: John Fox
Parsing coach 307: John Harbaugh
Parsing coach 308: John Mackovic
Parsing coach 309: John Madden
Parsing coach 310: John Mazur
Parsing coach 311: John McKay
Parsing coach 312: John McVay
Parsing coach 313: John Michelosen
Parsing coach 314: John North
Parsing coach 315: John Ralston
Parsing coach 316: John Rauch
Parsing coach 317: John Robinson
Parsing coach 318: John Sandusky
Parsing coach 319: John Whelchel
Parsing coach 320: Johnny Blood
Parsing coach 321: Johnny Bryan
Parsing coach 322: Johnny Murphy
Parsing coach 323: Jon Gruden
Parsing coach 324: Jonathan Gannon
	Excluded tenure classification: Jonathan Gannon
Parsing coach 325: Josh McDaniels
Parsing coach 326: June Jones
Parsing coach 327: Kay Stephenson
Parsing coach 328: Keith Molesworth
Parsing coach 329: Kellen Moore
	Excluded tenure classification: Kellen Moore
Parsing coach 330: Ken Huffine
Parsing coach 331: Ken Meyer
Parsing coach 332: Ken Shipp
Parsing coach 333: Ken Whisenhunt
Parsing coach 334: Kevin Gilbride
Parsing coach 335: Kevin O'Connell
	Excluded tenure classification: Kevin O'Connell
Parsing coach 336: Kevin Stefanski
Parsing coach 337: Kliff Kingsbury
Parsing coach 338: Kyle Shanahan
Parsing coach 339: Lane Kiffin
Parsing coach 340: Larry Wilson
Parsing coach 341: Leeman Bennett
Parsing coach 342: Lenny Sachs
Parsing coach 343: Leo Lyons
Parsing coach 344: Les Steckel
Parsing coach 345: Leslie Frazier
Parsing coach 346: Liam Coen
	Excluded tenure classification: Liam Coen
Parsing coach 347: Lindy Infante
Parsing coach 348: Lisle Blackbourn
Parsing coach 349: Lone Star Dietz
Parsing coach 350: Lou Holtz
Parsing coach 351: Lou Mahrt
Parsing coach 352: Lou Rymkus
Parsing coach 353: Lou Saban
Parsing coach 354: Lovie Smith
	Calculated tenure for fired coach: Lovie Smith, tenure: 1 years
Parsing coach 355: Luby DiMeolo
Parsing coach 356: Lud Wray
Parsing coach 357: Luke Johnsos
Parsing coach 358: Mac Speedie
Parsing coach 359: Mal Stevens
Parsing coach 360: Marc Trestman
Parsing coach 361: Marion Campbell
Parsing coach 362: Marty Brill
Parsing coach 363: Marty Feldman
Parsing coach 364: Marty Mornhinweg
Parsing coach 365: Marty Schottenheimer
Parsing coach 366: Marv Levy
Parsing coach 367: Marvin Lewis
Parsing coach 368: Matt Eberflus
Parsing coach 369: Matt LaFleur
Parsing coach 370: Matt Nagy
Parsing coach 371: Matt Patricia
Parsing coach 372: Matt Rhule
Parsing coach 373: Max Hicks
Parsing coach 374: Mel Doherty
Parsing coach 375: Mel Hein
Parsing coach 376: Mel Tucker
Parsing coach 377: Mike Ditka
Parsing coach 378: Mike Getto
Parsing coach 379: Mike Holmgren
Parsing coach 380: Mike Holovak
Parsing coach 381: Mike Macdonald
	Excluded tenure classification: Mike Macdonald
Parsing coach 382: Mike Martz
Parsing coach 383: Mike McCarthy
Parsing coach 384: Mike McCormack
Parsing coach 385: Mike McCoy
Parsing coach 386: Mike McDaniel
	Excluded tenure classification: Mike McDaniel
Parsing coach 387: Mike Mularkey
Parsing coach 388: Mike Munchak
Parsing coach 389: Mike Nixon
Parsing coach 390: Mike Nolan
Parsing coach 391: Mike Palm
Parsing coach 392: Mike Pettine
Parsing coach 393: Mike Riley
Parsing coach 394: Mike Shanahan
Parsing coach 395: Mike Sherman
Parsing coach 396: Mike Singletary
Parsing coach 397: Mike Smith
Parsing coach 398: Mike Tice
Parsing coach 399: Mike Tomlin
Parsing coach 400: Mike Vrabel
	Excluded tenure classification: Mike Vrabel
Parsing coach 401: Mike White
Parsing coach 402: Mike Zimmer
Parsing coach 403: Milan Creighton
Parsing coach 404: Monte Clark
Parsing coach 405: Nathaniel Hackett
Parsing coach 406: Ned Mathews
Parsing coach 407: Neill Armstrong
Parsing coach 408: Nelson Talbot
Parsing coach 409: Nick Saban
Parsing coach 410: Nick Sirianni
Parsing coach 411: Nick Skorich
Parsing coach 412: Norb Hecker
Parsing coach 413: Norm Barry
Parsing coach 414: Norm Van Brocklin
Parsing coach 415: Norv Turner
Parsing coach 416: Ollie Kraehe
Parsing coach 417: Otto Graham
Parsing coach 418: Paddy Driscoll
Parsing coach 419: Pat Boland
Parsing coach 420: Pat Peppler
Parsing coach 421: Pat Shurmur
Parsing coach 422: Paul Brown
Parsing coach 423: Paul Schissler
Parsing coach 424: Paul Wiggin
Parsing coach 425: Perry Fewell
Parsing coach 426: Pete Carroll
	Excluded tenure classification: Pete Carroll
Parsing coach 427: Pete Cawthon
Parsing coach 428: Pete Henry
Parsing coach 429: Pete McCulley
Parsing coach 430: Pete Stinchcomb
Parsing coach 431: Phil Bengtson
Parsing coach 432: Phil Handler
Parsing coach 433: Pop Ivy
Parsing coach 434: Potsy Clark
Parsing coach 435: Punk Berryman
Parsing coach 436: Raheem Morris
	Excluded tenure classification: Raheem Morris
Parsing coach 437: Ralph Jones
Parsing coach 438: Ralph Scott
Parsing coach 439: Ray Flaherty
Parsing coach 440: Ray Handley
Parsing coach 441: Ray Malavasi
Parsing coach 442: Ray McLean
Parsing coach 443: Ray Perkins
Parsing coach 444: Ray Prochaska
Parsing coach 445: Ray Rhodes
Parsing coach 446: Ray Richards
Parsing coach 447: Ray Willsey
Parsing coach 448: Raymond Berry
Parsing coach 449: Red Dawson
Parsing coach 450: Red Hickey
Parsing coach 451: Red Miller
Parsing coach 452: Red Strader
Parsing coach 453: Red Weaver
Parsing coach 454: Rex Ryan
Parsing coach 455: Rich Bisaccia
Parsing coach 456: Rich Brooks
Parsing coach 457: Rich Kotite
Parsing coach 458: Richard Williamson
Parsing coach 459: Richie Petitbon
Parsing coach 460: Rick Forzano
Parsing coach 461: Rick Venturi
Parsing coach 462: Rob Chudzinski
Parsing coach 463: Robert Saleh
Parsing coach 464: Rod Dowhower
Parsing coach 465: Rod Marinelli
Parsing coach 466: Rod Rust
Parsing coach 467: Romeo Crennel
Parsing coach 468: Ron Erhardt
Parsing coach 469: Ron Meyer
Parsing coach 470: Ron Rivera
Parsing coach 471: Ron Waller
Parsing coach 472: Roy Andrews
Parsing coach 473: Rube Ursella
Parsing coach 474: Russ Daugherty
Parsing coach 475: Russell Tollefson
Parsing coach 476: Sam Rutigliano
Parsing coach 477: Sam Wyche
Parsing coach 478: Sammy Baugh
Parsing coach 479: Scott Linehan
Parsing coach 480: Scotty Bierce
Parsing coach 481: Sean McDermott
Parsing coach 482: Sean McVay
Parsing coach 483: Sean Payton
	Excluded hiring instance: Sean Payton (2013)
	Excluded tenure classification: Sean Payton
Parsing coach 484: Shane Steichen
	Excluded tenure classification: Shane Steichen
Parsing coach 485: Shorty Barr
Parsing coach 486: Sid Gillman
Parsing coach 487: Stan Cofall
Parsing coach 488: Steve Mariucci
Parsing coach 489: Steve Owen
Parsing coach 490: Steve Spagnuolo
Parsing coach 491: Steve Spurrier
Parsing coach 492: Steve Wilks
Parsing coach 493: Swede Youngstrom
Parsing coach 494: Tam Rose
Parsing coach 495: Ted Marchibroda
Parsing coach 496: Ted Nesser
Parsing coach 497: Ted Shipkey
Parsing coach 498: Terry Robiskie
Parsing coach 499: Tex Grigg
Parsing coach 500: Thomas Brown
Parsing coach 501: Todd Bowles
	Excluded tenure classification: Todd Bowles
Parsing coach 502: Todd Haley
Parsing coach 503: Tom Bettis
Parsing coach 504: Tom Cable
Parsing coach 505: Tom Coughlin
Parsing coach 506: Tom Fears
Parsing coach 507: Tom Flores
Parsing coach 508: Tom Landry
Parsing coach 509: Tom Scott
Parsing coach 510: Tommy Hudspeth
Parsing coach 511: Tommy Hughitt
Parsing coach 512: Tommy Prothro
Parsing coach 513: Tony Dungy
Parsing coach 514: Tony Sparano
Parsing coach 515: Turk Edwards
Parsing coach 516: Tut Imlay
Parsing coach 517: Untz Brewer
Parsing coach 518: Urban Meyer
Parsing coach 519: Vance Joseph
Parsing coach 520: Vic Fangio
Parsing coach 521: Vince Lombardi
Parsing coach 522: Vince Tobin
Parsing coach 523: Wade Phillips
Parsing coach 524: Wally Hess
Parsing coach 525: Wally Lemm
Parsing coach 526: Wally McIlwain
Parsing coach 527: Walt Driskill
Parsing coach 528: Walt Kiesling
Parsing coach 529: Walt Koppisch
Parsing coach 530: Walt Michaels
Parsing coach 531: Wayne Brenkert
Parsing coach 532: Wayne Fontes
Parsing coach 533: Wayne Millner
Parsing coach 534: Weeb Ewbank
Parsing coach 535: Willie Wilkin
Parsing coach 536: Zac Taylor
Processed 656 coaching instances

Processing completed!
Dataset saved to: C:\Users\jonwi\Documents\Projects\CoachingProject\data\master_data.csv
Total coaching instances: 656
