1970+ known instances: 373 | total features: 171 (150 original + 21 engineered)
class dist: {0: np.int64(134), 1: np.int64(123), 2: np.int64(116)}

Computing leakage-free SHAP rankings...

Computing SHAP values (TreeExplainer, exact) for 373 samples...
  Classifier 0 (P(Y > 0))... done
  Classifier 1 (P(Y > 1))... done
Aggregating SHAP values across classifiers...

Computing SHAP values (TreeExplainer, exact) for 373 samples...
  Classifier 0 (P(Y > 0))... done
  Classifier 1 (P(Y > 1))... done
Aggregating SHAP values across classifiers...

Running sweeps (50 seeds each)...

==============================================================================
B) 1970+, 150 ORIGINAL features
==============================================================================
   K             QWK [95% CI]      MAE       F1     Adj   Exact
   5   0.121 [0.088,0.154]    0.800    0.375   0.821   0.379
  10   0.142 [0.114,0.171]    0.766    0.395   0.835   0.399
  20   0.154 [0.123,0.186]    0.761    0.394   0.841   0.398
  30   0.170 [0.137,0.203]    0.752    0.393   0.853   0.395
  40   0.152 [0.118,0.185]    0.758    0.388   0.850   0.393
  50   0.159 [0.124,0.194]    0.744    0.401   0.851   0.405
  60   0.155 [0.117,0.194]    0.752    0.391   0.853   0.395
  80   0.162 [0.121,0.203]    0.750    0.383   0.863   0.387
 100   0.156 [0.125,0.187]    0.755    0.382   0.860   0.385
 130   0.148 [0.115,0.181]    0.759    0.379   0.857   0.384
 150   0.125 [0.093,0.158]    0.777    0.359   0.858   0.365
  -> BEST K=30: QWK 0.170 [0.137, 0.203], F1 0.393 [0.375, 0.411]

==============================================================================
C) 1970+, 150 + engineered features
==============================================================================
   K             QWK [95% CI]      MAE       F1     Adj   Exact
   5   0.153 [0.125,0.182]    0.767    0.397   0.833   0.401
  10   0.219 [0.190,0.248]    0.728    0.412   0.859   0.412
  20   0.243 [0.213,0.274]    0.710    0.413   0.876   0.414
  30   0.231 [0.201,0.262]    0.712    0.413   0.873   0.415
  40   0.235 [0.206,0.263]    0.709    0.408   0.880   0.410
  50   0.206 [0.179,0.232]    0.723    0.402   0.872   0.404
  60   0.212 [0.187,0.237]    0.714    0.405   0.877   0.409
  80   0.195 [0.166,0.225]    0.732    0.387   0.877   0.391
 100   0.188 [0.159,0.218]    0.738    0.385   0.872   0.390
 130   0.171 [0.142,0.199]    0.747    0.373   0.875   0.378
 150   0.177 [0.147,0.207]    0.750    0.371   0.875   0.375
 171   0.157 [0.126,0.188]    0.755    0.368   0.871   0.374
  -> BEST K=20: QWK 0.243 [0.213, 0.274], F1 0.413 [0.399, 0.428]
     new features in top-20: 2 -> ['rf_avg_winpct_pctl', 'cf_internal_hire']

==============================================================================
SUMMARY
==============================================================================
A) all-era,  150 feat : QWK 0.292 (prior leakage-free run)
B) 1970+,    150 feat : QWK 0.170 [0.137, 0.203]  (era-filter effect)
C) 1970+, +engineered : QWK 0.243 [0.213, 0.274]  (feature effect)
   feature lift (C - B): +0.073 QWK

Saved C:\Users\jonwi\Documents\Projects\CoachingProject\analysis\feature_lift_results.pkl
