1970+ known instances: 373 | total features: 179 (150 original + 21 engineered)
class dist: {0: np.int64(134), 1: np.int64(123), 2: np.int64(116)}

Reusing cached 150-feature baseline B (first-150 cols unchanged).
Computing extended SHAP ranking + sweep (50 seeds)...

Computing SHAP values (TreeExplainer, exact) for 373 samples...
  Classifier 0 (P(Y > 0))... done
  Classifier 1 (P(Y > 1))... done
Aggregating SHAP values across classifiers...

==============================================================================
B) 1970+, 150 ORIGINAL features
==============================================================================
   K             QWK [95% CI]      MAE       F1     Adj   Exact
   5   0.121 [0.088,0.154]    0.800    0.375   0.821   0.379
  10   0.142 [0.114,0.171]    0.766    0.395   0.835   0.399
  20   0.154 [0.123,0.186]    0.761    0.394   0.841   0.398
  30   0.170 [0.137,0.203]    0.752    0.393   0.853   0.395
  40   0.152 [0.118,0.185]    0.758    0.388   0.850   0.393
  50   0.159 [0.124,0.194]    0.744    0.401   0.851   0.405
  60   0.155 [0.117,0.194]    0.752    0.391   0.853   0.395
  80   0.162 [0.121,0.203]    0.750    0.383   0.863   0.387
 100   0.156 [0.125,0.187]    0.755    0.382   0.860   0.385
 130   0.148 [0.115,0.181]    0.759    0.379   0.857   0.384
 150   0.125 [0.093,0.158]    0.777    0.359   0.858   0.365
  -> BEST K=30: QWK 0.170 [0.137, 0.203], F1 0.393 [0.375, 0.411]

==============================================================================
C) 1970+, 150 + engineered features
==============================================================================
   K             QWK [95% CI]      MAE       F1     Adj   Exact
   5   0.091 [0.067,0.115]    0.819    0.364   0.815   0.366
  10   0.163 [0.141,0.185]    0.759    0.398   0.841   0.400
  20   0.216 [0.183,0.248]    0.727    0.410   0.862   0.411
  30   0.201 [0.168,0.234]    0.733    0.403   0.863   0.404
  40   0.206 [0.177,0.234]    0.734    0.396   0.868   0.398
  50   0.200 [0.171,0.229]    0.732    0.403   0.862   0.406
  60   0.199 [0.168,0.230]    0.731    0.398   0.867   0.402
  80   0.177 [0.147,0.207]    0.749    0.388   0.860   0.391
 100   0.169 [0.144,0.195]    0.750    0.382   0.865   0.386
 130   0.167 [0.144,0.190]    0.749    0.376   0.871   0.380
 150   0.145 [0.114,0.175]    0.767    0.367   0.861   0.372
 179   0.145 [0.118,0.172]    0.767    0.361   0.866   0.367
  -> BEST K=20: QWK 0.216 [0.183, 0.248], F1 0.410 [0.395, 0.426]
     new features in top-20: 2 -> ['rf_avg_winpct_pctl', 'rf_final_winpct_pctl']

==============================================================================
SUMMARY
==============================================================================
A) all-era,  150 feat : QWK 0.292 (prior leakage-free run)
B) 1970+,    150 feat : QWK 0.170 [0.137, 0.203]  (era-filter effect)
C) 1970+, +engineered : QWK 0.216 [0.183, 0.248]  (feature effect)
   feature lift (C - B): +0.046 QWK

Saved C:\Users\jonwi\Documents\Projects\CoachingProject\analysis\feature_lift_results.pkl
