Firing-survival experiment: 357 stints, 181 features, events(fired)=319, censored=38
tier5/6 cols: 8 | structural flags: 2

Tuned XGB-AFT (full): CV C-index=0.597 {'num_boost_round': 30, 'eta': 0.05, 'max_depth': 3, 'subsample': 0.7, 'colsample_bytree': 0.85, 'min_child_weight': 3, 'reg_lambda': 2.0, 'scale': 1.2}
Tuned Cox    (full): CV C-index=0.610 {'penalizer': 0.5, 'l1_ratio': 0.5}

Survival SHAP ranking (TreeSHAP) -- top 25 firing drivers:
   1. Feature 12                         
   2. Feature 108                        
   3. Feature 71                         
   4. Feature 115                        
   5. Feature 58                         
   6. Feature 1                          
   7. cf_years_at_hiring_org             
   8. Feature 116                        
   9. Feature 138                        
  10. Feature 6                          
  11. cf_nfl_share                       
  12. Feature 139                        
  13. cf_internal_hire                   
  14. Feature 69                         
  15. rf_final_winpct_pctl               
  16. Feature 148                        
  17. Feature 23                         
  18. Feature 78                         
  19. Feature 99                         
  20. rf_avg_winpct_pctl                 
  21. Feature 32                         
  22. Feature 94                         
  23. Feature 3                          
  24. Feature 55                         
  25. Feature 15                         

structural flag ranks: {'cf_ever_nfl_oc': 112, 'cf_ever_nfl_dc': 111}
tier5/6 ranks (best 5): [(26, 'hire_roster_turnover'), (36, 'hire_starter_exp'), (56, 'hire_roster_av'), (60, 'hire_qb_av'), (65, 'hire_starter_age')]

================================================================
ABLATION -- best leakage-free CV C-index (Cox), SHAP-ranked top-K
================================================================
  ALL (181)                        bestK= 80  CV C-index=0.623
  no tier5/6                       bestK= 60  CV C-index=0.622
  no OC/DC flags                   bestK= 80  CV C-index=0.623
  base (no tier5/6 + no flags)     bestK= 60  CV C-index=0.622

================================================================
FIRING-MODEL BAKE-OFF (50-seed C-index) at top-80 features
================================================================
  Cox            C-index 0.587 [0.574, 0.601]
  Weibull AFT    C-index 0.582 [0.571, 0.594]
  XGB-AFT        C-index 0.573 [0.560, 0.586]
================================================================

Saved C:\Users\jonwi\Documents\Projects\CoachingProject\analysis\survival_firing_experiment.pkl
