357 stints | 94 feats | fired=319 voluntary=27 active-censored=11 | seeds=50

Cox params {'penalizer': 0.5, 'l1_ratio': 0.25}
XGB params {'num_boost_round': 50, 'eta': 0.02, 'max_depth': 4, 'subsample': 1.0, 'colsample_bytree': 1.0, 'min_child_weight': 3, 'reg_lambda': 1.0, 'scale': 1.5}

CV-argmax K=8 (CV C-index 0.605); K-curve {5:0.569, 8:0.605, 10:0.605, 11:0.605, 12:0.605, 13:0.605, 14:0.604, 15:0.604, 16:0.603, 17:0.601, 18:0.601, 19:0.601, 20:0.601, 25:0.601, 30:0.601, 40:0.598}

Stability selection: 200 coach-level subsamples, top-15...
stable set (5 feats, freq>= 0.5):
  cf_internal_hire             cf_internal_hire 0.83
  num_yr_nfl_pos               Feature 6      0.68
  hiring_team_win_pct          Feature 42     0.57
  tq_dsrs                      tq_dsrs        0.56
  age                          Feature 1      0.53
  freq>=0.6: 2 | >=0.7: 1
  selection frequencies (top 20):
    cf_internal_hire             0.83
    num_yr_nfl_pos               0.68
    hiring_team_win_pct          0.57
    tq_dsrs                      0.56
    age                          0.53
    cf_age_first_job             0.48
    cf_nfl_share                 0.42
    hire_starter_av              0.40
    1stD Rushing__unit           0.38
    cf_pre_level_nfl             0.37
    rf_final_winpct_pctl         0.34
    hire_starter_exp             0.32
    rf_unit_traj                 0.28
    hire_roster_av               0.28
    hiring_team_points_allowed   0.24
    num_times_hc                 0.24
    hiring_team_num_playoff_appearances 0.23
    hiring_team_yards_allowed    0.23
    num_yr_col_hc                0.23
    tq_osrs                      0.20

NB stable(K=5) - CV-argmax(K=8) Cox Harrell: delta=+0.0059 t=+0.604 p=0.549  (stable 0.601 vs topk 0.595)

Model bake-off on the stable set:
  model                        Harrell C               Uno C
  Cox                   0.601 [0.588,0.613]    0.626 [0.597,0.656]
  Weibull AFT           0.594 [0.583,0.606]    0.619 [0.590,0.649]
  LogNormal AFT         0.598 [0.587,0.609]    0.621 [0.592,0.651]
  LogLogistic AFT       0.597 [0.586,0.608]    0.620 [0.591,0.650]
  XGB-AFT               0.606 [0.595,0.617]    0.627 [0.598,0.656]

Calibration (Cox): integrated Brier 0.1731 [0.1692,0.1769]  (0.25 = uninformative)
  Brier by horizon: {np.int64(1): np.float64(0.102), np.int64(2): np.float64(0.196), np.int64(3): np.float64(0.245), np.int64(4): np.float64(0.241), np.int64(5): np.float64(0.211), np.int64(6): np.float64(0.181), np.int64(7): np.float64(0.153), np.int64(8): np.float64(0.134), np.int64(10): np.float64(0.079)}

Hazard ratios (cause-specific firing, cluster-robust SE on coach):
                        HR  CI_low  CI_high      p
cf_internal_hire     1.548   1.194    2.007  0.001
age                  1.024   1.007    1.040  0.005
num_yr_nfl_pos       1.025   0.997    1.054  0.085
tq_dsrs              1.017   0.986    1.049  0.292
hiring_team_win_pct  0.923   0.415    2.055  0.844
PH test: all p>0.05? True (min p=0.097)

Cumulative incidence (competing risks):
  by season 2: fired=0.218  voluntary=0.006
  by season 4: fired=0.552  voluntary=0.028
  by season 6: fired=0.741  voluntary=0.048
  by season 8: fired=0.814  voluntary=0.062

KM median firing-free tenure = 4 seasons; era log-rank p = 0.910

Saved C:\Users\jonwi\Documents\Projects\CoachingProject\analysis\survival_definitive.pkl
